/home/steve/mount/share_folder/myRobot_ROS2/install/myrobot_controller/lib/python3.10/site-packages/myrobot_controller/draw_circle.py
/home/steve/mount/share_folder/myRobot_ROS2/install/myrobot_controller/lib/python3.10/site-packages/myrobot_controller/first_node.py
/home/steve/mount/share_folder/myRobot_ROS2/install/myrobot_controller/lib/python3.10/site-packages/myrobot_controller/get_pose.py
/home/steve/mount/share_folder/myRobot_ROS2/install/myrobot_controller/lib/python3.10/site-packages/myrobot_controller/set_pencolor.py
/home/steve/mount/share_folder/myRobot_ROS2/install/myrobot_controller/lib/python3.10/site-packages/myrobot_controller/turtle_controller.py
/home/steve/mount/share_folder/myRobot_ROS2/install/myrobot_controller/lib/python3.10/site-packages/myrobot_controller/__init__.py
/home/steve/mount/share_folder/myRobot_ROS2/install/myrobot_controller/lib/python3.10/site-packages/myrobot_controller/__pycache__/draw_circle.cpython-310.pyc
/home/steve/mount/share_folder/myRobot_ROS2/install/myrobot_controller/lib/python3.10/site-packages/myrobot_controller/__pycache__/first_node.cpython-310.pyc
/home/steve/mount/share_folder/myRobot_ROS2/install/myrobot_controller/lib/python3.10/site-packages/myrobot_controller/__pycache__/get_pose.cpython-310.pyc
/home/steve/mount/share_folder/myRobot_ROS2/install/myrobot_controller/lib/python3.10/site-packages/myrobot_controller/__pycache__/set_pencolor.cpython-310.pyc
/home/steve/mount/share_folder/myRobot_ROS2/install/myrobot_controller/lib/python3.10/site-packages/myrobot_controller/__pycache__/turtle_controller.cpython-310.pyc
/home/steve/mount/share_folder/myRobot_ROS2/install/myrobot_controller/lib/python3.10/site-packages/myrobot_controller/__pycache__/__init__.cpython-310.pyc
/home/steve/mount/share_folder/myRobot_ROS2/install/myrobot_controller/share/ament_index/resource_index/packages/myrobot_controller
/home/steve/mount/share_folder/myRobot_ROS2/install/myrobot_controller/share/myrobot_controller/package.xml
/home/steve/mount/share_folder/myRobot_ROS2/install/myrobot_controller/lib/python3.10/site-packages/myrobot_controller-0.0.0-py3.10.egg-info/dependency_links.txt
/home/steve/mount/share_folder/myRobot_ROS2/install/myrobot_controller/lib/python3.10/site-packages/myrobot_controller-0.0.0-py3.10.egg-info/entry_points.txt
/home/steve/mount/share_folder/myRobot_ROS2/install/myrobot_controller/lib/python3.10/site-packages/myrobot_controller-0.0.0-py3.10.egg-info/PKG-INFO
/home/steve/mount/share_folder/myRobot_ROS2/install/myrobot_controller/lib/python3.10/site-packages/myrobot_controller-0.0.0-py3.10.egg-info/requires.txt
/home/steve/mount/share_folder/myRobot_ROS2/install/myrobot_controller/lib/python3.10/site-packages/myrobot_controller-0.0.0-py3.10.egg-info/SOURCES.txt
/home/steve/mount/share_folder/myRobot_ROS2/install/myrobot_controller/lib/python3.10/site-packages/myrobot_controller-0.0.0-py3.10.egg-info/top_level.txt
/home/steve/mount/share_folder/myRobot_ROS2/install/myrobot_controller/lib/python3.10/site-packages/myrobot_controller-0.0.0-py3.10.egg-info/zip-safe
/home/steve/mount/share_folder/myRobot_ROS2/install/myrobot_controller/lib/myrobot_controller/draw_circle
/home/steve/mount/share_folder/myRobot_ROS2/install/myrobot_controller/lib/myrobot_controller/get_pose
/home/steve/mount/share_folder/myRobot_ROS2/install/myrobot_controller/lib/myrobot_controller/set_pencolor
/home/steve/mount/share_folder/myRobot_ROS2/install/myrobot_controller/lib/myrobot_controller/test_node
/home/steve/mount/share_folder/myRobot_ROS2/install/myrobot_controller/lib/myrobot_controller/turtle_controller
