[1.193s] DEBUG:colcon:Command line arguments: ['/usr/bin/colcon', 'list', '-p', '--base-paths', '/home/steve/mount/share_folder/myRobot_ROS2']
[1.194s] DEBUG:colcon:Parsed command line arguments: Namespace(log_base=None, log_level=None, verb_name='list', build_base='build', ignore_user_meta=False, metas=['./colcon.meta'], base_paths=['/home/steve/mount/share_folder/myRobot_ROS2'], packages_ignore=None, packages_ignore_regex=None, paths=None, packages_up_to=None, packages_up_to_regex=None, packages_above=None, packages_above_and_dependencies=None, packages_above_depth=None, packages_select_by_dep=None, packages_skip_by_dep=None, packages_skip_up_to=None, packages_select_build_failed=False, packages_skip_build_finished=False, packages_select_test_failures=False, packages_skip_test_passed=False, packages_select=None, packages_skip=None, packages_select_regex=None, packages_skip_regex=None, packages_start=None, packages_end=None, allow_overriding=[], topological_order=False, names_only=False, paths_only=True, topological_graph=False, topological_graph_dot=False, topological_graph_density=False, topological_graph_legend=False, topological_graph_dot_cluster=False, topological_graph_dot_include_skipped=False, verb_parser=<colcon_defaults.argument_parser.defaults.DefaultArgumentsDecorator object at 0x7f1a2ad9eb00>, verb_extension=<colcon_package_information.verb.list.ListVerb object at 0x7f1a2b1ebc70>, main=<bound method ListVerb.main of <colcon_package_information.verb.list.ListVerb object at 0x7f1a2b1ebc70>>)
[1.314s] Level 1:colcon.colcon_core.package_discovery:discover_packages(colcon_meta) check parameters
[1.315s] Level 1:colcon.colcon_core.package_discovery:discover_packages(recursive) check parameters
[1.315s] Level 1:colcon.colcon_core.package_discovery:discover_packages(ignore) check parameters
[1.315s] Level 1:colcon.colcon_core.package_discovery:discover_packages(path) check parameters
[1.316s] Level 1:colcon.colcon_core.package_discovery:discover_packages(recursive) discover
[1.316s] INFO:colcon.colcon_core.package_discovery:Crawling recursively for packages in '/home/steve/mount/share_folder/myRobot_ROS2'
[1.321s] Level 1:colcon.colcon_core.package_identification:_identify(/home/steve/mount/share_folder/myRobot_ROS2) by extensions ['ignore', 'ignore_ament_install']
[1.321s] Level 1:colcon.colcon_core.package_identification:_identify(/home/steve/mount/share_folder/myRobot_ROS2) by extension 'ignore'
[1.322s] Level 1:colcon.colcon_core.package_identification:_identify(/home/steve/mount/share_folder/myRobot_ROS2) by extension 'ignore_ament_install'
[1.323s] Level 1:colcon.colcon_core.package_identification:_identify(/home/steve/mount/share_folder/myRobot_ROS2) by extensions ['colcon_pkg']
[1.325s] Level 1:colcon.colcon_core.package_identification:_identify(/home/steve/mount/share_folder/myRobot_ROS2) by extension 'colcon_pkg'
[1.326s] Level 1:colcon.colcon_core.package_identification:_identify(/home/steve/mount/share_folder/myRobot_ROS2) by extensions ['colcon_meta']
[1.328s] Level 1:colcon.colcon_core.package_identification:_identify(/home/steve/mount/share_folder/myRobot_ROS2) by extension 'colcon_meta'
[1.329s] Level 1:colcon.colcon_core.package_identification:_identify(/home/steve/mount/share_folder/myRobot_ROS2) by extensions ['ros']
[1.329s] Level 1:colcon.colcon_core.package_identification:_identify(/home/steve/mount/share_folder/myRobot_ROS2) by extension 'ros'
[1.372s] Level 1:colcon.colcon_core.package_identification:_identify(/home/steve/mount/share_folder/myRobot_ROS2) by extensions ['cmake', 'python']
[1.372s] Level 1:colcon.colcon_core.package_identification:_identify(/home/steve/mount/share_folder/myRobot_ROS2) by extension 'cmake'
[1.373s] Level 1:colcon.colcon_core.package_identification:_identify(/home/steve/mount/share_folder/myRobot_ROS2) by extension 'python'
[1.375s] Level 1:colcon.colcon_core.package_identification:_identify(/home/steve/mount/share_folder/myRobot_ROS2) by extensions ['python_setup_py']
[1.375s] Level 1:colcon.colcon_core.package_identification:_identify(/home/steve/mount/share_folder/myRobot_ROS2) by extension 'python_setup_py'
[1.384s] Level 1:colcon.colcon_core.package_identification:_identify(/home/steve/mount/share_folder/myRobot_ROS2/build) by extensions ['ignore', 'ignore_ament_install']
[1.386s] Level 1:colcon.colcon_core.package_identification:_identify(/home/steve/mount/share_folder/myRobot_ROS2/build) by extension 'ignore'
[1.387s] Level 1:colcon.colcon_core.package_identification:_identify(/home/steve/mount/share_folder/myRobot_ROS2/build) ignored
[1.391s] Level 1:colcon.colcon_core.package_identification:_identify(/home/steve/mount/share_folder/myRobot_ROS2/install) by extensions ['ignore', 'ignore_ament_install']
[1.391s] Level 1:colcon.colcon_core.package_identification:_identify(/home/steve/mount/share_folder/myRobot_ROS2/install) by extension 'ignore'
[1.392s] Level 1:colcon.colcon_core.package_identification:_identify(/home/steve/mount/share_folder/myRobot_ROS2/install) ignored
[1.397s] Level 1:colcon.colcon_core.package_identification:_identify(/home/steve/mount/share_folder/myRobot_ROS2/log) by extensions ['ignore', 'ignore_ament_install']
[1.397s] Level 1:colcon.colcon_core.package_identification:_identify(/home/steve/mount/share_folder/myRobot_ROS2/log) by extension 'ignore'
[1.398s] Level 1:colcon.colcon_core.package_identification:_identify(/home/steve/mount/share_folder/myRobot_ROS2/log) ignored
[1.400s] Level 1:colcon.colcon_core.package_identification:_identify(/home/steve/mount/share_folder/myRobot_ROS2/src) by extensions ['ignore', 'ignore_ament_install']
[1.401s] Level 1:colcon.colcon_core.package_identification:_identify(/home/steve/mount/share_folder/myRobot_ROS2/src) by extension 'ignore'
[1.401s] Level 1:colcon.colcon_core.package_identification:_identify(/home/steve/mount/share_folder/myRobot_ROS2/src) by extension 'ignore_ament_install'
[1.402s] Level 1:colcon.colcon_core.package_identification:_identify(/home/steve/mount/share_folder/myRobot_ROS2/src) by extensions ['colcon_pkg']
[1.403s] Level 1:colcon.colcon_core.package_identification:_identify(/home/steve/mount/share_folder/myRobot_ROS2/src) by extension 'colcon_pkg'
[1.403s] Level 1:colcon.colcon_core.package_identification:_identify(/home/steve/mount/share_folder/myRobot_ROS2/src) by extensions ['colcon_meta']
[1.404s] Level 1:colcon.colcon_core.package_identification:_identify(/home/steve/mount/share_folder/myRobot_ROS2/src) by extension 'colcon_meta'
[1.404s] Level 1:colcon.colcon_core.package_identification:_identify(/home/steve/mount/share_folder/myRobot_ROS2/src) by extensions ['ros']
[1.405s] Level 1:colcon.colcon_core.package_identification:_identify(/home/steve/mount/share_folder/myRobot_ROS2/src) by extension 'ros'
[1.407s] Level 1:colcon.colcon_core.package_identification:_identify(/home/steve/mount/share_folder/myRobot_ROS2/src) by extensions ['cmake', 'python']
[1.407s] Level 1:colcon.colcon_core.package_identification:_identify(/home/steve/mount/share_folder/myRobot_ROS2/src) by extension 'cmake'
[1.408s] Level 1:colcon.colcon_core.package_identification:_identify(/home/steve/mount/share_folder/myRobot_ROS2/src) by extension 'python'
[1.409s] Level 1:colcon.colcon_core.package_identification:_identify(/home/steve/mount/share_folder/myRobot_ROS2/src) by extensions ['python_setup_py']
[1.410s] Level 1:colcon.colcon_core.package_identification:_identify(/home/steve/mount/share_folder/myRobot_ROS2/src) by extension 'python_setup_py'
[1.414s] Level 1:colcon.colcon_core.package_identification:_identify(/home/steve/mount/share_folder/myRobot_ROS2/src/myrobot_controller) by extensions ['ignore', 'ignore_ament_install']
[1.414s] Level 1:colcon.colcon_core.package_identification:_identify(/home/steve/mount/share_folder/myRobot_ROS2/src/myrobot_controller) by extension 'ignore'
[1.415s] Level 1:colcon.colcon_core.package_identification:_identify(/home/steve/mount/share_folder/myRobot_ROS2/src/myrobot_controller) by extension 'ignore_ament_install'
[1.416s] Level 1:colcon.colcon_core.package_identification:_identify(/home/steve/mount/share_folder/myRobot_ROS2/src/myrobot_controller) by extensions ['colcon_pkg']
[1.417s] Level 1:colcon.colcon_core.package_identification:_identify(/home/steve/mount/share_folder/myRobot_ROS2/src/myrobot_controller) by extension 'colcon_pkg'
[1.419s] Level 1:colcon.colcon_core.package_identification:_identify(/home/steve/mount/share_folder/myRobot_ROS2/src/myrobot_controller) by extensions ['colcon_meta']
[1.420s] Level 1:colcon.colcon_core.package_identification:_identify(/home/steve/mount/share_folder/myRobot_ROS2/src/myrobot_controller) by extension 'colcon_meta'
[1.420s] Level 1:colcon.colcon_core.package_identification:_identify(/home/steve/mount/share_folder/myRobot_ROS2/src/myrobot_controller) by extensions ['ros']
[1.421s] Level 1:colcon.colcon_core.package_identification:_identify(/home/steve/mount/share_folder/myRobot_ROS2/src/myrobot_controller) by extension 'ros'
[1.428s] DEBUG:colcon.colcon_core.package_identification:Package '/home/steve/mount/share_folder/myRobot_ROS2/src/myrobot_controller' with type 'ros.ament_python' and name 'myrobot_controller'
[1.429s] Level 1:colcon.colcon_core.package_discovery:discover_packages(recursive) using defaults
